<?xml version="1.0" encoding="UTF-8"?>
<testng-results total="1" passed="1" failed="0" skipped="0">
  <reporter-output>
  </reporter-output>
  <suite started-at="2020-09-26T13:32:21Z" name="Default suite" finished-at="2020-09-26T13:32:38Z" duration-ms="16643">
    <groups>
      <group name="cucumber">
        <method signature="AbstractTestNGCucumberTests.feature(cucumber.api.testng.CucumberFeatureWrapper)[pri:0, instance:runner.RunCuke@571c5681]" name="feature" class="cucumber.api.testng.AbstractTestNGCucumberTests"/>
      </group> <!-- cucumber -->
    </groups>
    <test started-at="2020-09-26T13:32:21Z" name="Default test" finished-at="2020-09-26T13:32:38Z" duration-ms="16643">
      <class name="runner.RunCuke">
        <test-method is-config="true" signature="setUpClass()[pri:0, instance:runner.RunCuke@571c5681]" started-at="2020-09-27T01:32:21Z" name="setUpClass" finished-at="2020-09-27T01:32:22Z" duration-ms="161" status="PASS">
          <reporter-output>
          </reporter-output>
        </test-method> <!-- setUpClass -->
        <test-method is-config="true" signature="setup()[pri:0, instance:runner.RunCuke@571c5681]" started-at="2020-09-27T01:32:22Z" name="setup" finished-at="2020-09-27T01:32:22Z" duration-ms="183" status="PASS">
          <reporter-output>
          </reporter-output>
        </test-method> <!-- setup -->
        <test-method signature="feature(cucumber.api.testng.CucumberFeatureWrapper)[pri:0, instance:runner.RunCuke@571c5681]" started-at="2020-09-27T01:32:22Z" name="feature" description="Runs Cucumber Feature" data-provider="features" finished-at="2020-09-27T01:32:38Z" duration-ms="16211" status="PASS">
          <params>
            <param index="0">
              <value>
                <![CDATA[Acceptance testing to validate there exists at least one listing in the TradeMe UsedCars category]]>
              </value>
            </param>
          </params>
          <reporter-output>
          </reporter-output>
        </test-method> <!-- feature -->
        <test-method is-config="true" signature="tearDownClass()[pri:0, instance:runner.RunCuke@571c5681]" started-at="2020-09-27T01:32:38Z" name="tearDownClass" finished-at="2020-09-27T01:32:38Z" duration-ms="33" status="PASS">
          <reporter-output>
          </reporter-output>
        </test-method> <!-- tearDownClass -->
      </class> <!-- runner.RunCuke -->
    </test> <!-- Default test -->
  </suite> <!-- Default suite -->
</testng-results>
